<?xml version="1.0" encoding="UTF-8"?>
<!-- Generated by org.testng.reporters.JUnitReportReporter -->
<testsuite hostname="DESKTOP-TDS691D" failures="0" tests="1" name="tests.banking.TestManagerLogin" time="10.278" errors="0" timestamp="02 Jun 2024 16:17:39 GMT" skipped="0">
  <testcase classname="tests.banking.TestManagerLogin" name="testManagerLogin" time="10.278"/>
</testsuite> <!-- tests.banking.TestManagerLogin -->
