<?xml version="1.0" encoding="UTF-8"?>
<!-- Generated by org.testng.reporters.JUnitReportReporter -->
<testsuite hostname="DESKTOP-TDS691D" failures="0" tests="1" name="tests.banking.TestAddCustomer" time="10.687" errors="0" timestamp="08 Jun 2025 11:27:03 GMT" skipped="0">
  <testcase classname="tests.banking.TestAddCustomer" name="testAddCustomer" time="10.687"/>
</testsuite> <!-- tests.banking.TestAddCustomer -->
