<?xml version="1.0" encoding="UTF-8"?>
<!-- Generated by org.testng.reporters.JUnitReportReporter -->
<testsuite hostname="DESKTOP-TDS691D" failures="0" tests="1" name="tests.banking.TestCustomerLogin" time="16.624" errors="0" timestamp="08 Jun 2025 11:26:01 GMT" skipped="0">
  <testcase classname="tests.banking.TestCustomerLogin" name="testCustomerLogin" time="16.624"/>
</testsuite> <!-- tests.banking.TestCustomerLogin -->
